\BOOKMARK [1][-]{section.0.1}{\376\377\0001\000\040\176\374\217\360}{}% 1
\BOOKMARK [1][-]{section.0.2}{\376\377\0002\000\040\126\376\120\317\122\006\127\127\116\016\165\065\136\163\136\163\171\373\137\122\116\000\123\026}{}% 2
\BOOKMARK [2][-]{subsection.0.2.1}{\376\377\0002\000.\0001\000\040\126\376\120\317\122\006\127\127}{section.0.2}% 3
\BOOKMARK [2][-]{subsection.0.2.2}{\376\377\0002\000.\0002\000\040\165\065\136\163\136\163\171\373\137\122\116\000\123\026}{section.0.2}% 4
\BOOKMARK [2][-]{subsection.0.2.3}{\376\377\0002\000.\0003\000\040\123\315\123\330\143\142}{section.0.2}% 5
\BOOKMARK [1][-]{section.0.3}{\376\377\0003\000\040\134\017\154\342\123\330\143\142}{}% 6
\BOOKMARK [2][-]{subsection.0.3.1}{\376\377\0003\000.\0001\000\040\134\017\154\342\123\330\143\142\123\237\164\006\173\200\217\360}{section.0.3}% 7
\BOOKMARK [2][-]{subsection.0.3.2}{\376\377\0003\000.\0002\000\040\134\017\154\342\123\330\143\142\166\204\156\344\154\342\126\150\133\236\163\260\116\016\143\320\123\107\173\227\154\325}{section.0.3}% 8
\BOOKMARK [2][-]{subsection.0.3.3}{\376\377\0003\000.\0003\000\040\116\214\176\364\131\032\176\247\134\017\154\342\123\330\143\142}{section.0.3}% 9
\BOOKMARK [1][-]{section.0.4}{\376\377\0004\000\040\121\205\135\114\123\072\153\265\177\026\170\001}{}% 10
\BOOKMARK [2][-]{subsection.0.4.1}{\376\377\0004\000.\0001\000\040\127\372\147\054\177\026\170\001\173\227\154\325}{section.0.4}% 11
\BOOKMARK [2][-]{subsection.0.4.2}{\376\377\0004\000.\0002\000\040\122\006\155\101\220\032\220\123}{section.0.4}% 12
\BOOKMARK [2][-]{subsection.0.4.3}{\376\377\0004\000.\0003\000\040\177\026\170\001\155\101\172\013}{section.0.4}% 13
\BOOKMARK [1][-]{section.0.5}{\376\377\0005\000\040\000M\000Q\173\227\147\057\177\026\211\343\170\001\126\150}{}% 14
\BOOKMARK [2][-]{subsection.0.5.1}{\376\377\0005\000.\0001\000\040\177\026\170\001\126\150\176\323\147\204}{section.0.5}% 15
\BOOKMARK [2][-]{subsection.0.5.2}{\376\377\0005\000.\0002\000\040\220\022\137\122\123\072\225\364\122\022\122\006}{section.0.5}% 16
\BOOKMARK [2][-]{subsection.0.5.3}{\376\377\0005\000.\0003\000\040\177\026\170\001\155\101\172\013}{section.0.5}% 17
\BOOKMARK [2][-]{subsection.0.5.4}{\376\377\0005\000.\0004\000\040\211\343\170\001\155\101\172\013}{section.0.5}% 18
\BOOKMARK [1][-]{section.0.6}{\376\377\0006\000\040\165\037\142\020\145\160\143\156\155\101}{}% 19
\BOOKMARK [1][-]{section.0.7}{\376\377\0007\000\040\176\323\147\234}{}% 20
\BOOKMARK [2][-]{subsection.0.7.1}{\376\377\0007\000.\0001\000\040\134\017\154\342\123\330\143\142\176\323\147\234\122\006\147\220}{section.0.7}% 21
\BOOKMARK [2][-]{subsection.0.7.2}{\376\377\0007\000.\0002\000\040\123\213\177\051\122\115\124\016\153\324\217\203}{section.0.7}% 22
