This is XeTeX, Version 3.14159265-2.6-0.99999 (TeX Live 2018/W32TeX) (preloaded format=xelatex 2018.10.6)  19 DEC 2018 18:34
entering extended mode
 restricted \write18 enabled.
 %&-line parsing enabled.
**result.tex
(./result.tex
LaTeX2e <2018-04-01> patch level 2
Babel <3.18> and hyphenation patterns for 84 language(s) loaded.
! Undefined control sequence.
l.1 \section
            {结果}
The control sequence at the end of the top line
of your error message was never \def'ed. If you have
misspelled it (e.g., `\hobx'), type `I' and the correct
spelling (e.g., `I\hbox'). Otherwise just continue,
and I'll forget about whatever was undefined.


! LaTeX Error: Missing \begin{document}.

See the LaTeX manual or LaTeX Companion for explanation.
Type  H <return>  for immediate help.
 ...                                              
                                                  
l.1 \section{结
              果}
You're in trouble here.  Try typing  <return>  to proceed.
If that doesn't work, type  X <return>  to quit.

Missing character: There is no 结 in font nullfont!
Missing character: There is no 果 in font nullfont!
Missing character: There is no 由 in font nullfont!
Missing character: There is no 于 in font nullfont!
Missing character: There is no 程 in font nullfont!
Missing character: There is no 序 in font nullfont!
Missing character: There is no 在 in font nullfont!
Missing character: There is no 图 in font nullfont!
Missing character: There is no 片 in font nullfont!
Missing character: There is no 过 in font nullfont!
Missing character: There is no 大 in font nullfont!
Missing character: There is no 、 in font nullfont!
Missing character: There is no 颜 in font nullfont!
Missing character: There is no 色 in font nullfont!
Missing character: There is no 位 in font nullfont!
Missing character: There is no 数 in font nullfont!
Missing character: There is no 过 in font nullfont!
Missing character: There is no 大 in font nullfont!
Missing character: There is no 时 in font nullfont!
Missing character: There is no 运 in font nullfont!
Missing character: There is no 行 in font nullfont!
Missing character: There is no 很 in font nullfont!
Missing character: There is no 慢 in font nullfont!
Missing character: There is no （ in font nullfont!
LaTeX Font Info:    External font `cmex10' loaded for size
(Font)              <7> on input line 2.
LaTeX Font Info:    External font `cmex10' loaded for size
(Font)              <5> on input line 2.
Missing character: There is no 的 in font nullfont!
Missing character: There is no 2 in font nullfont!
Missing character: There is no 4 in font nullfont!
Missing character: There is no 位 in font nullfont!
Missing character: There is no 真 in font nullfont!
Missing character: There is no 彩 in font nullfont!
Missing character: There is no 色 in font nullfont!
Missing character: There is no 图 in font nullfont!
Missing character: There is no 片 in font nullfont!
Missing character: There is no 要 in font nullfont!
Missing character: There is no 运 in font nullfont!
Missing character: There is no 行 in font nullfont!
Missing character: There is no 3 in font nullfont!
Missing character: There is no 0 in font nullfont!
Missing character: There is no 分 in font nullfont!
Missing character: There is no 钟 in font nullfont!
Missing character: There is no ） in font nullfont!
Missing character: There is no ， in font nullfont!
Missing character: There is no 所 in font nullfont!
Missing character: There is no 以 in font nullfont!
Missing character: There is no 在 in font nullfont!
Missing character: There is no d in font nullfont!
Missing character: There is no e in font nullfont!
Missing character: There is no m in font nullfont!
Missing character: There is no o in font nullfont!
Missing character: There is no 中 in font nullfont!
Missing character: There is no 我 in font nullfont!
Missing character: There is no 们 in font nullfont!
Missing character: There is no 以 in font nullfont!
Missing character: There is no 的 in font nullfont!
Missing character: There is no 8 in font nullfont!
Missing character: There is no 位 in font nullfont!
Missing character: There is no 图 in font nullfont!
Missing character: There is no 片 in font nullfont!
Missing character: There is no L in font nullfont!
Missing character: There is no e in font nullfont!
Missing character: There is no n in font nullfont!
Missing character: There is no a in font nullfont!
Missing character: There is no 为 in font nullfont!
Missing character: There is no 例 in font nullfont!
Missing character: There is no 进 in font nullfont!
Missing character: There is no 行 in font nullfont!
Missing character: There is no 了 in font nullfont!
Missing character: There is no 测 in font nullfont!
Missing character: There is no 试 in font nullfont!
Missing character: There is no 。 in font nullfont!

! LaTeX Error: Environment figure undefined.

See the LaTeX manual or LaTeX Companion for explanation.
Type  H <return>  for immediate help.
 ...                                              
                                                  
l.3 \begin{figure}
                  [H]
Your command was ignored.
Type  I <command> <return>  to replace it with another command,
or  <return>  to continue without it.

Missing character: There is no [ in font nullfont!
Missing character: There is no H in font nullfont!
Missing character: There is no ] in font nullfont!
! Undefined control sequence.
l.5 ^^I\includegraphics
                       [scale=0.4]{lena}
The control sequence at the end of the top line
of your error message was never \def'ed. If you have
misspelled it (e.g., `\hobx'), type `I' and the correct
spelling (e.g., `I\hbox'). Otherwise just continue,
and I'll forget about whatever was undefined.

Missing character: There is no [ in font nullfont!
Missing character: There is no s in font nullfont!
Missing character: There is no c in font nullfont!
Missing character: There is no a in font nullfont!
Missing character: There is no l in font nullfont!
Missing character: There is no e in font nullfont!
Missing character: There is no = in font nullfont!
Missing character: There is no 0 in font nullfont!
Missing character: There is no . in font nullfont!
Missing character: There is no 4 in font nullfont!
Missing character: There is no ] in font nullfont!
Missing character: There is no l in font nullfont!
Missing character: There is no e in font nullfont!
Missing character: There is no n in font nullfont!
Missing character: There is no a in font nullfont!

! LaTeX Error: \caption outside float.

See the LaTeX manual or LaTeX Companion for explanation.
Type  H <return>  for immediate help.
 ...                                              
                                                  
l.6 ^^I\caption
               {Lena.}
You're in trouble here.  Try typing  <return>  to proceed.
If that doesn't work, type  X <return>  to quit.

Missing character: There is no L in font nullfont!
Missing character: There is no e in font nullfont!
Missing character: There is no n in font nullfont!
Missing character: There is no a in font nullfont!
Missing character: There is no . in font nullfont!

! LaTeX Error: \begin{document} ended by \end{figure}.

See the LaTeX manual or LaTeX Companion for explanation.
Type  H <return>  for immediate help.
 ...                                              
                                                  
l.8 \end{figure}
                
Your command was ignored.
Type  I <command> <return>  to replace it with another command,
or  <return>  to continue without it.


Overfull \hbox (20.0pt too wide) in paragraph at lines 1--9
[]
 []


Overfull \hbox (27.77786pt too wide) in paragraph at lines 1--9
\OT1/cmr/m/n/10 1080 \OMS/cmsy/m/n/10 ^^B
 []


Overfull \hbox (27.77786pt too wide) in paragraph at lines 1--9
\OT1/cmr/m/n/10 1920 \OMS/cmsy/m/n/10 ^^B
 []


Overfull \hbox (27.77786pt too wide) in paragraph at lines 1--9
\OT1/cmr/m/n/10 3$$512 \OMS/cmsy/m/n/10 ^^B
 []


Overfull \hbox (22.77785pt too wide) in paragraph at lines 1--9
\OT1/cmr/m/n/10 512 \OMS/cmsy/m/n/10 ^^B
 []


Overfull \hbox (5.00002pt too wide) in paragraph at lines 1--9
\OT1/cmr/m/n/10 3$
 []

! Undefined control sequence.
l.10 \subsection
                {小波变换结果分析}
The control sequence at the end of the top line
of your error message was never \def'ed. If you have
misspelled it (e.g., `\hobx'), type `I' and the correct
spelling (e.g., `I\hbox'). Otherwise just continue,
and I'll forget about whatever was undefined.


! LaTeX Error: Missing \begin{document}.

See the LaTeX manual or LaTeX Companion for explanation.
Type  H <return>  for immediate help.
 ...                                              
                                                  
l.10 \subsection{小
                  波变换结果分析}
You're in trouble here.  Try typing  <return>  to proceed.
If that doesn't work, type  X <return>  to quit.

Missing character: There is no 小 in font nullfont!
Missing character: There is no 波 in font nullfont!
Missing character: There is no 变 in font nullfont!
Missing character: There is no 换 in font nullfont!
Missing character: There is no 结 in font nullfont!
Missing character: There is no 果 in font nullfont!
Missing character: There is no 分 in font nullfont!
Missing character: There is no 析 in font nullfont!
Missing character: There is no 选 in font nullfont!
Missing character: There is no 取 in font nullfont!
Missing character: There is no 第 in font nullfont!
Missing character: There is no 一 in font nullfont!
Missing character: There is no 个 in font nullfont!
Missing character: There is no t in font nullfont!
Missing character: There is no i in font nullfont!
Missing character: There is no l in font nullfont!
Missing character: There is no e in font nullfont!
Missing character: There is no 中 in font nullfont!
Missing character: There is no 的 in font nullfont!
Missing character: There is no y in font nullfont!
Missing character: There is no 分 in font nullfont!
Missing character: There is no 量 in font nullfont!
Missing character: There is no 分 in font nullfont!
Missing character: There is no 解 in font nullfont!
Missing character: There is no 得 in font nullfont!
Missing character: There is no 到 in font nullfont!
Missing character: There is no 的 in font nullfont!
Missing character: There is no 三 in font nullfont!
Missing character: There is no 级 in font nullfont!
Missing character: There is no 小 in font nullfont!
Missing character: There is no 波 in font nullfont!
Missing character: There is no 系 in font nullfont!
Missing character: There is no 数 in font nullfont!
Missing character: There is no （ in font nullfont!
Missing character: There is no 这 in font nullfont!
Missing character: There is no 里 in font nullfont!
Missing character: There is no 以 in font nullfont!
Missing character: There is no 5 in font nullfont!
Missing character: There is no / in font nullfont!
Missing character: There is no 3 in font nullfont!
Missing character: There is no L in font nullfont!
Missing character: There is no G in font nullfont!
Missing character: There is no 滤 in font nullfont!
Missing character: There is no 波 in font nullfont!
Missing character: There is no 器 in font nullfont!
Missing character: There is no 为 in font nullfont!
Missing character: There is no 例 in font nullfont!
Missing character: There is no ） in font nullfont!
Missing character: There is no ， in font nullfont!
Missing character: There is no 将 in font nullfont!
Missing character: There is no 其 in font nullfont!
Missing character: There is no 按 in font nullfont!
Missing character: There is no 照 in font nullfont!
! Undefined control sequence.
<write> ...ing: Reference `fig5' on page \thepage 
                                                  \space undefined\on@line .^^J
l.11 ...分解得到的三级小波系数（这里以5/3 LG滤波器为例），将其按照\ref{fig5}
                                                  所示的二维三级小波变换的区域划分进行排列。从图\re...
The control sequence at the end of the top line
of your error message was never \def'ed. If you have
misspelled it (e.g., `\hobx'), type `I' and the correct
spelling (e.g., `I\hbox'). Otherwise just continue,
and I'll forget about whatever was undefined.


LaTeX Warning: Reference `fig5' on page  undefined on input line 11.

Missing character: There is no 所 in font nullfont!
Missing character: There is no 示 in font nullfont!
Missing character: There is no 的 in font nullfont!
Missing character: There is no 二 in font nullfont!
Missing character: There is no 维 in font nullfont!
Missing character: There is no 三 in font nullfont!
Missing character: There is no 级 in font nullfont!
Missing character: There is no 小 in font nullfont!
Missing character: There is no 波 in font nullfont!
Missing character: There is no 变 in font nullfont!
Missing character: There is no 换 in font nullfont!
Missing character: There is no 的 in font nullfont!
Missing character: There is no 区 in font nullfont!
Missing character: There is no 域 in font nullfont!
Missing character: There is no 划 in font nullfont!
Missing character: There is no 分 in font nullfont!
Missing character: There is no 进 in font nullfont!
Missing character: There is no 行 in font nullfont!
Missing character: There is no 排 in font nullfont!
Missing character: There is no 列 in font nullfont!
Missing character: There is no 。 in font nullfont!
Missing character: There is no 从 in font nullfont!
Missing character: There is no 图 in font nullfont!
! Undefined control sequence.
<write> ...: Reference `result1' on page \thepage 
                                                  \space undefined\on@line .^^J
l.11 ...{fig5}所示的二维三级小波变换的区域划分进行排列。从图\ref{result1}
                                                  中可以看到，第一级小波分解得到的LH,HL和HH分量...
The control sequence at the end of the top line
of your error message was never \def'ed. If you have
misspelled it (e.g., `\hobx'), type `I' and the correct
spelling (e.g., `I\hbox'). Otherwise just continue,
and I'll forget about whatever was undefined.


LaTeX Warning: Reference `result1' on page  undefined on input line 11.

Missing character: There is no 中 in font nullfont!
Missing character: There is no 可 in font nullfont!
Missing character: There is no 以 in font nullfont!
Missing character: There is no 看 in font nullfont!
Missing character: There is no 到 in font nullfont!
Missing character: There is no ， in font nullfont!
Missing character: There is no 第 in font nullfont!
Missing character: There is no 一 in font nullfont!
Missing character: There is no 级 in font nullfont!
Missing character: There is no 小 in font nullfont!
Missing character: There is no 波 in font nullfont!
Missing character: There is no 分 in font nullfont!
Missing character: There is no 解 in font nullfont!
Missing character: There is no 得 in font nullfont!
Missing character: There is no 到 in font nullfont!
Missing character: There is no 的 in font nullfont!
Missing character: There is no L in font nullfont!
Missing character: There is no H in font nullfont!
Missing character: There is no , in font nullfont!
Missing character: There is no H in font nullfont!
Missing character: There is no L in font nullfont!
Missing character: There is no 和 in font nullfont!
Missing character: There is no H in font nullfont!
Missing character: There is no H in font nullfont!
Missing character: There is no 分 in font nullfont!
Missing character: There is no 量 in font nullfont!
Missing character: There is no 中 in font nullfont!
Missing character: There is no 仍 in font nullfont!
Missing character: There is no 含 in font nullfont!
Missing character: There is no 有 in font nullfont!
Missing character: There is no 很 in font nullfont!
Missing character: There is no 多 in font nullfont!
Missing character: There is no 的 in font nullfont!
Missing character: There is no 图 in font nullfont!
Missing character: There is no 片 in font nullfont!
Missing character: There is no 纹 in font nullfont!
Missing character: There is no 理 in font nullfont!
Missing character: There is no 信 in font nullfont!
Missing character: There is no 息 in font nullfont!
Missing character: There is no ， in font nullfont!
Missing character: There is no 而 in font nullfont!
Missing character: There is no 对 in font nullfont!
Missing character: There is no L in font nullfont!
Missing character: There is no L in font nullfont!
Missing character: There is no 分 in font nullfont!
Missing character: There is no 量 in font nullfont!
Missing character: There is no 进 in font nullfont!
Missing character: There is no 行 in font nullfont!
Missing character: There is no 进 in font nullfont!
Missing character: There is no 一 in font nullfont!
Missing character: There is no 步 in font nullfont!
Missing character: There is no 分 in font nullfont!
Missing character: There is no 解 in font nullfont!
Missing character: There is no 之 in font nullfont!
Missing character: There is no 后 in font nullfont!
Missing character: There is no 得 in font nullfont!
Missing character: There is no 到 in font nullfont!
Missing character: There is no 的 in font nullfont!
Missing character: There is no 二 in font nullfont!
Missing character: There is no 级 in font nullfont!
Missing character: There is no 和 in font nullfont!
Missing character: There is no 三 in font nullfont!
Missing character: There is no 级 in font nullfont!
Missing character: There is no 小 in font nullfont!
Missing character: There is no 波 in font nullfont!
Missing character: There is no 系 in font nullfont!
Missing character: There is no 数 in font nullfont!
Missing character: There is no 中 in font nullfont!
Missing character: There is no 纹 in font nullfont!
Missing character: There is no 理 in font nullfont!
Missing character: There is no 逐 in font nullfont!
Missing character: There is no 渐 in font nullfont!
Missing character: There is no 消 in font nullfont!
Missing character: There is no 失 in font nullfont!
Missing character: There is no ， in font nullfont!
Missing character: There is no 说 in font nullfont!
Missing character: There is no 明 in font nullfont!
Missing character: There is no 信 in font nullfont!
Missing character: There is no 息 in font nullfont!
Missing character: There is no 得 in font nullfont!
Missing character: There is no 到 in font nullfont!
Missing character: There is no 了 in font nullfont!
Missing character: There is no 充 in font nullfont!
Missing character: There is no 分 in font nullfont!
Missing character: There is no 的 in font nullfont!
Missing character: There is no 分 in font nullfont!
Missing character: There is no 解 in font nullfont!
Missing character: There is no 。 in font nullfont!
Missing character: There is no 对 in font nullfont!
Missing character: There is no 于 in font nullfont!
Missing character: There is no 9 in font nullfont!
Missing character: There is no / in font nullfont!
Missing character: There is no 7 in font nullfont!
Missing character: There is no D in font nullfont!
Missing character: There is no B in font nullfont!
Missing character: There is no 滤 in font nullfont!
Missing character: There is no 波 in font nullfont!
Missing character: There is no 器 in font nullfont!
Missing character: There is no 也 in font nullfont!
Missing character: There is no 有 in font nullfont!
Missing character: There is no 类 in font nullfont!
Missing character: There is no 似 in font nullfont!
Missing character: There is no 的 in font nullfont!
Missing character: There is no 结 in font nullfont!
Missing character: There is no 果 in font nullfont!
Missing character: There is no 。 in font nullfont!
Missing character: There is no 运 in font [lmroman10-italic]:mapping=tex-text;!
Missing character: There is no 行 in font [lmroman10-italic]:mapping=tex-text;!
Missing character: There is no 代 in font [lmroman10-italic]:mapping=tex-text;!
Missing character: There is no 码 in font [lmroman10-italic]:mapping=tex-text;!
Missing character: There is no 的 in font [lmroman10-italic]:mapping=tex-text;!
Missing character: There is no 时 in font [lmroman10-italic]:mapping=tex-text;!
Missing character: There is no 候 in font [lmroman10-italic]:mapping=tex-text;!
Missing character: There is no 将 in font [lmroman10-italic]:mapping=tex-text;!
Missing character: There is no 可 in font [lmroman10-italic]:mapping=tex-text;!
Missing character: There is no 选 in font [lmroman10-italic]:mapping=tex-text;!
Missing character: There is no 参 in font [lmroman10-italic]:mapping=tex-text;!
Missing character: There is no 数 in font [lmroman10-italic]:mapping=tex-text;!
Missing character: There is no 设 in font [lmroman10-italic]:mapping=tex-text;!
Missing character: There is no 为 in font [lmroman10-italic]:mapping=tex-text;!
Missing character: There is no 即 in font [lmroman10-italic]:mapping=tex-text;!
Missing character: There is no 可 in font [lmroman10-italic]:mapping=tex-text;!
Missing character: There is no 显 in font [lmroman10-italic]:mapping=tex-text;!
Missing character: There is no 示 in font [lmroman10-italic]:mapping=tex-text;!
Missing character: There is no 出 in font [lmroman10-italic]:mapping=tex-text;!
Missing character: There is no 小 in font [lmroman10-italic]:mapping=tex-text;!
Missing character: There is no 波 in font [lmroman10-italic]:mapping=tex-text;!
Missing character: There is no 系 in font [lmroman10-italic]:mapping=tex-text;!
Missing character: There is no 数 in font [lmroman10-italic]:mapping=tex-text;!
Missing character: There is no 可 in font [lmroman10-italic]:mapping=tex-text;!
Missing character: There is no 视 in font [lmroman10-italic]:mapping=tex-text;!
Missing character: There is no 化 in font [lmroman10-italic]:mapping=tex-text;!
Missing character: There is no 的 in font [lmroman10-italic]:mapping=tex-text;!
Missing character: There is no 图 in font [lmroman10-italic]:mapping=tex-text;!
Missing character: There is no 片 in font [lmroman10-italic]:mapping=tex-text;!
Missing character: There is no 。 in font [lmroman10-italic]:mapping=tex-text;!

! LaTeX Error: Environment figure undefined.

See the LaTeX manual or LaTeX Companion for explanation.
Type  H <return>  for immediate help.
 ...                                              
                                                  
l.12 \begin{figure}
                   [H]
Your command was ignored.
Type  I <command> <return>  to replace it with another command,
or  <return>  to continue without it.

Missing character: There is no [ in font nullfont!
Missing character: There is no H in font nullfont!
Missing character: There is no ] in font nullfont!
! Undefined control sequence.
l.14 ^^I\includegraphics
                        [scale=0.4]{result1}
The control sequence at the end of the top line
of your error message was never \def'ed. If you have
misspelled it (e.g., `\hobx'), type `I' and the correct
spelling (e.g., `I\hbox'). Otherwise just continue,
and I'll forget about whatever was undefined.

Missing character: There is no [ in font nullfont!
Missing character: There is no s in font nullfont!
Missing character: There is no c in font nullfont!
Missing character: There is no a in font nullfont!
Missing character: There is no l in font nullfont!
Missing character: There is no e in font nullfont!
Missing character: There is no = in font nullfont!
Missing character: There is no 0 in font nullfont!
Missing character: There is no . in font nullfont!
Missing character: There is no 4 in font nullfont!
Missing character: There is no ] in font nullfont!
Missing character: There is no r in font nullfont!
Missing character: There is no e in font nullfont!
Missing character: There is no s in font nullfont!
Missing character: There is no u in font nullfont!
Missing character: There is no l in font nullfont!
Missing character: There is no t in font nullfont!
Missing character: There is no 1 in font nullfont!

! LaTeX Error: \caption outside float.

See the LaTeX manual or LaTeX Companion for explanation.
Type  H <return>  for immediate help.
 ...                                              
                                                  
l.15 ^^I\caption
                {小波系数的可视化.}
You're in trouble here.  Try typing  <return>  to proceed.
If that doesn't work, type  X <return>  to quit.

Missing character: There is no 小 in font nullfont!
Missing character: There is no 波 in font nullfont!
Missing character: There is no 系 in font nullfont!
Missing character: There is no 数 in font nullfont!
Missing character: There is no 的 in font nullfont!
Missing character: There is no 可 in font nullfont!
Missing character: There is no 视 in font nullfont!
Missing character: There is no 化 in font nullfont!
Missing character: There is no . in font nullfont!

! LaTeX Error: \begin{document} ended by \end{figure}.

See the LaTeX manual or LaTeX Companion for explanation.
Type  H <return>  for immediate help.
 ...                                              
                                                  
l.17 \end{figure}
                 
Your command was ignored.
Type  I <command> <return>  to replace it with another command,
or  <return>  to continue without it.


Overfull \hbox (20.0pt too wide) in paragraph at lines 10--18
[]
 []


Overfull \hbox (21.72pt too wide) in paragraph at lines 10--18
[][]
 []


Overfull \hbox (74.76134pt too wide) in paragraph at lines 10--18
\TU/lmr/m/it/10 运行代码的时候将可选参数设为$\OML/cmm/m/it/10 debug \OT1/cmr/m/n/10 =
 []


Overfull \hbox (67.20287pt too wide) in paragraph at lines 10--18
\OML/cmm/m/it/10 True$\TU/lmr/m/it/10 即可显示出小波系数可视化的图片。
 []

! Undefined control sequence.
l.19 \subsection
                {压缩前后比较}
The control sequence at the end of the top line
of your error message was never \def'ed. If you have
misspelled it (e.g., `\hobx'), type `I' and the correct
spelling (e.g., `I\hbox'). Otherwise just continue,
and I'll forget about whatever was undefined.


! LaTeX Error: Missing \begin{document}.

See the LaTeX manual or LaTeX Companion for explanation.
Type  H <return>  for immediate help.
 ...                                              
                                                  
l.19 \subsection{压
                  缩前后比较}
You're in trouble here.  Try typing  <return>  to proceed.
If that doesn't work, type  X <return>  to quit.

Missing character: There is no 压 in font nullfont!
Missing character: There is no 缩 in font nullfont!
Missing character: There is no 前 in font nullfont!
Missing character: There is no 后 in font nullfont!
Missing character: There is no 比 in font nullfont!
Missing character: There is no 较 in font nullfont!
Missing character: There is no 由 in font nullfont!
Missing character: There is no 生 in font nullfont!
Missing character: There is no 成 in font nullfont!
Missing character: There is no 压 in font nullfont!
Missing character: There is no 缩 in font nullfont!
Missing character: There is no 图 in font nullfont!
Missing character: There is no 像 in font nullfont!
Missing character: There is no 的 in font nullfont!
Missing character: There is no 大 in font nullfont!
Missing character: There is no 小 in font nullfont!
Missing character: There is no 来 in font nullfont!
Missing character: There is no 看 in font nullfont!
Missing character: There is no ， in font nullfont!
Missing character: There is no 压 in font nullfont!
Missing character: There is no 缩 in font nullfont!
Missing character: There is no 效 in font nullfont!
Missing character: There is no 果 in font nullfont!
Missing character: There is no 并 in font nullfont!
Missing character: There is no 不 in font nullfont!
Missing character: There is no 理 in font nullfont!
Missing character: There is no 想 in font nullfont!
Missing character: There is no ， in font nullfont!
Missing character: There is no 原 in font nullfont!
Missing character: There is no 因 in font nullfont!
Missing character: There is no 有 in font nullfont!
Missing character: There is no 二 in font nullfont!
Missing character: There is no ： in font nullfont!
Missing character: There is no 1 in font nullfont!
Missing character: There is no . in font nullfont!
Missing character: There is no 需 in font nullfont!
Missing character: There is no 要 in font nullfont!
Missing character: There is no 存 in font nullfont!
Missing character: There is no 储 in font nullfont!
Missing character: There is no 的 in font nullfont!
Missing character: There is no 数 in font nullfont!
Missing character: There is no 据 in font nullfont!
Missing character: There is no ， in font nullfont!
Missing character: There is no 绝 in font nullfont!
Missing character: There is no 大 in font nullfont!
Missing character: There is no 多 in font nullfont!
Missing character: There is no 数 in font nullfont!
Missing character: There is no （ in font nullfont!
Missing character: There is no 除 in font nullfont!
Missing character: There is no " in font nullfont!
Missing character: There is no 图 in font nullfont!
Missing character: There is no 像 in font nullfont!
Missing character: There is no " in font nullfont!
Missing character: There is no 大 in font nullfont!
Missing character: There is no 小 in font nullfont!
Missing character: There is no 以 in font nullfont!
Missing character: There is no 外 in font nullfont!
Missing character: There is no ） in font nullfont!
Missing character: There is no 都 in font nullfont!
Missing character: There is no 是 in font nullfont!
Missing character: There is no 在 in font nullfont!
Missing character: There is no 0 in font nullfont!
Missing character: There is no - in font nullfont!
Missing character: There is no 2 in font nullfont!
Missing character: There is no 5 in font nullfont!
Missing character: There is no 5 in font nullfont!
Missing character: There is no 的 in font nullfont!
Missing character: There is no 范 in font nullfont!
Missing character: There is no 围 in font nullfont!
Missing character: There is no 内 in font nullfont!
Missing character: There is no ， in font nullfont!
Missing character: There is no 使 in font nullfont!
Missing character: There is no 用 in font nullfont!
Missing character: There is no 4 in font nullfont!
Missing character: There is no 个 in font nullfont!
Missing character: There is no 字 in font nullfont!
Missing character: There is no 节 in font nullfont!
Missing character: There is no 存 in font nullfont!
Missing character: There is no 储 in font nullfont!
Missing character: There is no 会 in font nullfont!
Missing character: There is no 有 in font nullfont!
Missing character: There is no 冗 in font nullfont!
Missing character: There is no 余 in font nullfont!
Missing character: There is no 。 in font nullfont!
Missing character: There is no 2 in font nullfont!
Missing character: There is no . in font nullfont!
Missing character: There is no 在 in font nullfont!
Missing character: There is no 解 in font nullfont!
Missing character: There is no 码 in font nullfont!
Missing character: There is no 时 in font nullfont!
Missing character: There is no 需 in font nullfont!
Missing character: There is no 要 in font nullfont!
Missing character: There is no 使 in font nullfont!
Missing character: There is no 用 in font nullfont!
Missing character: There is no C in font nullfont!
Missing character: There is no o in font nullfont!
Missing character: There is no n in font nullfont!
Missing character: There is no t in font nullfont!
Missing character: There is no e in font nullfont!
Missing character: There is no x in font nullfont!
Missing character: There is no t in font nullfont!
Missing character: There is no 来 in font nullfont!
Missing character: There is no 估 in font nullfont!
Missing character: There is no 计 in font nullfont!
Missing character: There is no 0 in font nullfont!
Missing character: There is no , in font nullfont!
Missing character: There is no 1 in font nullfont!
Missing character: There is no 的 in font nullfont!
Missing character: There is no 概 in font nullfont!
Missing character: There is no 率 in font nullfont!
Missing character: There is no 分 in font nullfont!
Missing character: There is no 布 in font nullfont!
Missing character: There is no ， in font nullfont!
Missing character: There is no 但 in font nullfont!
Missing character: There is no 是 in font nullfont!
Missing character: There is no C in font nullfont!
Missing character: There is no o in font nullfont!
Missing character: There is no n in font nullfont!
Missing character: There is no t in font nullfont!
Missing character: There is no e in font nullfont!
Missing character: There is no x in font nullfont!
Missing character: There is no t in font nullfont!
Missing character: There is no 本 in font nullfont!
Missing character: There is no 身 in font nullfont!
Missing character: There is no 并 in font nullfont!
Missing character: There is no 不 in font nullfont!
Missing character: There is no 能 in font nullfont!
Missing character: There is no 直 in font nullfont!
Missing character: There is no 接 in font nullfont!
Missing character: There is no 反 in font nullfont!
Missing character: There is no 映 in font nullfont!
Missing character: There is no 图 in font nullfont!
Missing character: There is no 像 in font nullfont!
Missing character: There is no 内 in font nullfont!
Missing character: There is no 容 in font nullfont!
Missing character: There is no 。 in font nullfont!
Missing character: There is no 而 in font nullfont!
Missing character: There is no 且 in font nullfont!
Missing character: There is no 在 in font nullfont!
Missing character: There is no 一 in font nullfont!
Missing character: There is no 个 in font nullfont!
Missing character: There is no b in font nullfont!
Missing character: There is no l in font nullfont!
Missing character: There is no o in font nullfont!
Missing character: There is no c in font nullfont!
Missing character: There is no k in font nullfont!
Missing character: There is no 中 in font nullfont!
Missing character: There is no ， in font nullfont!
Missing character: There is no C in font nullfont!
Missing character: There is no o in font nullfont!
Missing character: There is no n in font nullfont!
Missing character: There is no t in font nullfont!
Missing character: There is no e in font nullfont!
Missing character: There is no x in font nullfont!
Missing character: There is no t in font nullfont!
Missing character: There is no 所 in font nullfont!
Missing character: There is no 占 in font nullfont!
Missing character: There is no 的 in font nullfont!
Missing character: There is no 字 in font nullfont!
Missing character: There is no 节 in font nullfont!
Missing character: There is no 数 in font nullfont!
Missing character: There is no 远 in font nullfont!
Missing character: There is no 大 in font nullfont!
Missing character: There is no 于 in font nullfont!
Missing character: There is no S in font nullfont!
Missing character: There is no t in font nullfont!
Missing character: There is no r in font nullfont!
Missing character: There is no e in font nullfont!
Missing character: There is no a in font nullfont!
Missing character: There is no m in font nullfont!
Missing character: There is no 的 in font nullfont!
Missing character: There is no 字 in font nullfont!
Missing character: There is no 节 in font nullfont!
Missing character: There is no 数 in font nullfont!
Missing character: There is no （ in font nullfont!
Missing character: There is no 我 in font nullfont!
Missing character: There is no 们 in font nullfont!
Missing character: There is no 也 in font nullfont!
Missing character: There is no 存 in font nullfont!
Missing character: There is no 储 in font nullfont!
Missing character: There is no 了 in font nullfont!
Missing character: There is no 只 in font nullfont!
Missing character: There is no 含 in font nullfont!
Missing character: There is no 有 in font nullfont!
Missing character: There is no s in font nullfont!
Missing character: There is no t in font nullfont!
Missing character: There is no r in font nullfont!
Missing character: There is no e in font nullfont!
Missing character: There is no a in font nullfont!
Missing character: There is no m in font nullfont!
Missing character: There is no 的 in font nullfont!
Missing character: There is no 二 in font nullfont!
Missing character: There is no 进 in font nullfont!
Missing character: There is no 制 in font nullfont!
Missing character: There is no 文 in font nullfont!
Missing character: There is no 件 in font nullfont!
Missing character: There is no ， in font nullfont!
Missing character: There is no 比 in font nullfont!
Missing character: There is no 较 in font nullfont!
Missing character: There is no 两 in font nullfont!
Missing character: There is no 者 in font nullfont!
Missing character: There is no 的 in font nullfont!
Missing character: There is no 文 in font nullfont!
Missing character: There is no 件 in font nullfont!
Missing character: There is no 大 in font nullfont!
Missing character: There is no 小 in font nullfont!
Missing character: There is no 即 in font nullfont!
Missing character: There is no 可 in font nullfont!
Missing character: There is no 发 in font nullfont!
Missing character: There is no 现 in font nullfont!
Missing character: There is no ） in font nullfont!
Missing character: There is no 。 in font nullfont!
Missing character: There is no 因 in font [lmroman10-bold]:mapping=tex-text;!
Missing character: There is no 此 in font [lmroman10-bold]:mapping=tex-text;!
Missing character: There is no ， in font [lmroman10-bold]:mapping=tex-text;!
Missing character: There is no 如 in font [lmroman10-bold]:mapping=tex-text;!
Missing character: There is no 何 in font [lmroman10-bold]:mapping=tex-text;!
Missing character: There is no 处 in font [lmroman10-bold]:mapping=tex-text;!
Missing character: There is no 理 in font [lmroman10-bold]:mapping=tex-text;!
Missing character: There is no 还 in font [lmroman10-bold]:mapping=tex-text;!
Missing character: There is no 需 in font [lmroman10-bold]:mapping=tex-text;!
Missing character: There is no 要 in font [lmroman10-bold]:mapping=tex-text;!
Missing character: There is no 进 in font [lmroman10-bold]:mapping=tex-text;!
Missing character: There is no 一 in font [lmroman10-bold]:mapping=tex-text;!
Missing character: There is no 步 in font [lmroman10-bold]:mapping=tex-text;!
Missing character: There is no 探 in font [lmroman10-bold]:mapping=tex-text;!
Missing character: There is no 究 in font [lmroman10-bold]:mapping=tex-text;!
Missing character: There is no 。 in font [lmroman10-bold]:mapping=tex-text;!
)
! Emergency stop.
<*> result.tex
              
*** (job aborted, no legal \end found)

 
Here is how much of TeX's memory you used:
 19 strings out of 492970
 349 string characters out of 6137298
 63642 words of memory out of 5000000
 4121 multiletter control sequences out of 15000+600000
 3664 words of font info for 17 fonts, out of 8000000 for 9000
 1348 hyphenation exceptions out of 8191
 18i,2n,16p,278b,94s stack positions out of 5000i,500n,10000p,200000b,80000s
No pages of output.
