This is XeTeX, Version 3.14159265-2.6-0.99999 (TeX Live 2018/W32TeX) (preloaded format=xelatex 2018.10.6)  7 DEC 2018 14:44
entering extended mode
 restricted \write18 enabled.
 %&-line parsing enabled.
**tiling.tex
(./tiling.tex
LaTeX2e <2018-04-01> patch level 2
Babel <3.18> and hyphenation patterns for 84 language(s) loaded.
! Undefined control sequence.
l.1 \section
            {图像分块与拼接}
The control sequence at the end of the top line
of your error message was never \def'ed. If you have
misspelled it (e.g., `\hobx'), type `I' and the correct
spelling (e.g., `I\hbox'). Otherwise just continue,
and I'll forget about whatever was undefined.


! LaTeX Error: Missing \begin{document}.

See the LaTeX manual or LaTeX Companion for explanation.
Type  H <return>  for immediate help.
 ...                                              
                                                  
l.1 \section{图
              像分块与拼接}
You're in trouble here.  Try typing  <return>  to proceed.
If that doesn't work, type  X <return>  to quit.

Missing character: There is no 图 in font nullfont!
Missing character: There is no 像 in font nullfont!
Missing character: There is no 分 in font nullfont!
Missing character: There is no 块 in font nullfont!
Missing character: There is no 与 in font nullfont!
Missing character: There is no 拼 in font nullfont!
Missing character: There is no 接 in font nullfont!
! Undefined control sequence.
l.2 \paragraph
              {图像分块}
The control sequence at the end of the top line
of your error message was never \def'ed. If you have
misspelled it (e.g., `\hobx'), type `I' and the correct
spelling (e.g., `I\hbox'). Otherwise just continue,
and I'll forget about whatever was undefined.

Missing character: There is no 图 in font nullfont!
Missing character: There is no 像 in font nullfont!
Missing character: There is no 分 in font nullfont!
Missing character: There is no 块 in font nullfont!

Overfull \hbox (20.0pt too wide) in paragraph at lines 1--3
[]
 []


! LaTeX Error: Environment figure undefined.

See the LaTeX manual or LaTeX Companion for explanation.
Type  H <return>  for immediate help.
 ...                                              
                                                  
l.4 \begin{figure}
                  [H]
Your command was ignored.
Type  I <command> <return>  to replace it with another command,
or  <return>  to continue without it.


! LaTeX Error: Missing \begin{document}.

See the LaTeX manual or LaTeX Companion for explanation.
Type  H <return>  for immediate help.
 ...                                              
                                                  
l.4 \begin{figure}[
                   H]
You're in trouble here.  Try typing  <return>  to proceed.
If that doesn't work, type  X <return>  to quit.

Missing character: There is no [ in font nullfont!
Missing character: There is no H in font nullfont!
Missing character: There is no ] in font nullfont!
! Undefined control sequence.
l.6 ^^I\includegraphics
                       [scale=0.5]{预处理}
The control sequence at the end of the top line
of your error message was never \def'ed. If you have
misspelled it (e.g., `\hobx'), type `I' and the correct
spelling (e.g., `I\hbox'). Otherwise just continue,
and I'll forget about whatever was undefined.

Missing character: There is no [ in font nullfont!
Missing character: There is no s in font nullfont!
Missing character: There is no c in font nullfont!
Missing character: There is no a in font nullfont!
Missing character: There is no l in font nullfont!
Missing character: There is no e in font nullfont!
Missing character: There is no = in font nullfont!
Missing character: There is no 0 in font nullfont!
Missing character: There is no . in font nullfont!
Missing character: There is no 5 in font nullfont!
Missing character: There is no ] in font nullfont!
Missing character: There is no 预 in font nullfont!
Missing character: There is no 处 in font nullfont!
Missing character: There is no 理 in font nullfont!

! LaTeX Error: \caption outside float.

See the LaTeX manual or LaTeX Companion for explanation.
Type  H <return>  for immediate help.
 ...                                              
                                                  
l.7 ^^I\caption
               {图像预处理.}
You're in trouble here.  Try typing  <return>  to proceed.
If that doesn't work, type  X <return>  to quit.

Missing character: There is no 图 in font nullfont!
Missing character: There is no 像 in font nullfont!
Missing character: There is no 预 in font nullfont!
Missing character: There is no 处 in font nullfont!
Missing character: There is no 理 in font nullfont!
Missing character: There is no . in font nullfont!

! LaTeX Error: \begin{document} ended by \end{figure}.

See the LaTeX manual or LaTeX Companion for explanation.
Type  H <return>  for immediate help.
 ...                                              
                                                  
l.9 \end{figure}
                
Your command was ignored.
Type  I <command> <return>  to replace it with another command,
or  <return>  to continue without it.


Overfull \hbox (20.0pt too wide) in paragraph at lines 4--10
[]
 []


! LaTeX Error: Missing \begin{document}.

See the LaTeX manual or LaTeX Companion for explanation.
Type  H <return>  for immediate help.
 ...                                              
                                                  
l.11 在
      图像的预处理中，JPEG2000标准与JPEG标准相同，需要将图像分块以降低计算量和对内存的需求，方便压缩。但与JPEG标准不同的是，JPE...

You're in trouble here.  Try typing  <return>  to proceed.
If that doesn't work, type  X <return>  to quit.

Missing character: There is no 在 in font nullfont!
Missing character: There is no 图 in font nullfont!
Missing character: There is no 像 in font nullfont!
Missing character: There is no 的 in font nullfont!
Missing character: There is no 预 in font nullfont!
Missing character: There is no 处 in font nullfont!
Missing character: There is no 理 in font nullfont!
Missing character: There is no 中 in font nullfont!
Missing character: There is no ， in font nullfont!
Missing character: There is no J in font nullfont!
Missing character: There is no P in font nullfont!
Missing character: There is no E in font nullfont!
Missing character: There is no G in font nullfont!
Missing character: There is no 2 in font nullfont!
Missing character: There is no 0 in font nullfont!
Missing character: There is no 0 in font nullfont!
Missing character: There is no 0 in font nullfont!
Missing character: There is no 标 in font nullfont!
Missing character: There is no 准 in font nullfont!
Missing character: There is no 与 in font nullfont!
Missing character: There is no J in font nullfont!
Missing character: There is no P in font nullfont!
Missing character: There is no E in font nullfont!
Missing character: There is no G in font nullfont!
Missing character: There is no 标 in font nullfont!
Missing character: There is no 准 in font nullfont!
Missing character: There is no 相 in font nullfont!
Missing character: There is no 同 in font nullfont!
Missing character: There is no ， in font nullfont!
Missing character: There is no 需 in font nullfont!
Missing character: There is no 要 in font nullfont!
Missing character: There is no 将 in font nullfont!
Missing character: There is no 图 in font nullfont!
Missing character: There is no 像 in font nullfont!
Missing character: There is no 分 in font nullfont!
Missing character: There is no 块 in font nullfont!
Missing character: There is no 以 in font nullfont!
Missing character: There is no 降 in font nullfont!
Missing character: There is no 低 in font nullfont!
Missing character: There is no 计 in font nullfont!
Missing character: There is no 算 in font nullfont!
Missing character: There is no 量 in font nullfont!
Missing character: There is no 和 in font nullfont!
Missing character: There is no 对 in font nullfont!
Missing character: There is no 内 in font nullfont!
Missing character: There is no 存 in font nullfont!
Missing character: There is no 的 in font nullfont!
Missing character: There is no 需 in font nullfont!
Missing character: There is no 求 in font nullfont!
Missing character: There is no ， in font nullfont!
Missing character: There is no 方 in font nullfont!
Missing character: There is no 便 in font nullfont!
Missing character: There is no 压 in font nullfont!
Missing character: There is no 缩 in font nullfont!
Missing character: There is no 。 in font nullfont!
Missing character: There is no 但 in font nullfont!
Missing character: There is no 与 in font nullfont!
Missing character: There is no J in font nullfont!
Missing character: There is no P in font nullfont!
Missing character: There is no E in font nullfont!
Missing character: There is no G in font nullfont!
Missing character: There is no 标 in font nullfont!
Missing character: There is no 准 in font nullfont!
Missing character: There is no 不 in font nullfont!
Missing character: There is no 同 in font nullfont!
Missing character: There is no 的 in font nullfont!
Missing character: There is no 是 in font nullfont!
Missing character: There is no ， in font nullfont!
Missing character: There is no J in font nullfont!
Missing character: There is no P in font nullfont!
Missing character: There is no E in font nullfont!
Missing character: There is no G in font nullfont!
Missing character: There is no 2 in font nullfont!
Missing character: There is no 0 in font nullfont!
Missing character: There is no 0 in font nullfont!
Missing character: There is no 0 in font nullfont!
Missing character: There is no 标 in font nullfont!
Missing character: There is no 准 in font nullfont!
Missing character: There is no 并 in font nullfont!
Missing character: There is no 不 in font nullfont!
Missing character: There is no 需 in font nullfont!
Missing character: There is no 要 in font nullfont!
Missing character: There is no 将 in font nullfont!
Missing character: There is no 图 in font nullfont!
Missing character: There is no 像 in font nullfont!
Missing character: There is no 强 in font nullfont!
Missing character: There is no 制 in font nullfont!
Missing character: There is no 分 in font nullfont!
Missing character: There is no 成 in font nullfont!
LaTeX Font Info:    External font `cmex10' loaded for size
(Font)              <7> on input line 11.
LaTeX Font Info:    External font `cmex10' loaded for size
(Font)              <5> on input line 11.
Missing character: There is no 的 in font nullfont!
Missing character: There is no 小 in font nullfont!
Missing character: There is no 块 in font nullfont!
Missing character: There is no , in font nullfont!
Missing character: There is no 而 in font nullfont!
Missing character: There is no 是 in font nullfont!
Missing character: There is no 可 in font nullfont!
Missing character: There is no 以 in font nullfont!
Missing character: There is no 将 in font nullfont!
Missing character: There is no 图 in font nullfont!
Missing character: There is no 像 in font nullfont!
Missing character: There is no 分 in font nullfont!
Missing character: There is no 割 in font nullfont!
Missing character: There is no 成 in font nullfont!
Missing character: There is no 若 in font nullfont!
Missing character: There is no 干 in font nullfont!
Missing character: There is no 任 in font nullfont!
Missing character: There is no 意 in font nullfont!
Missing character: There is no 大 in font nullfont!
Missing character: There is no 小 in font nullfont!
Missing character: There is no 的 in font nullfont!
Missing character: There is no 互 in font nullfont!
Missing character: There is no 不 in font nullfont!
Missing character: There is no 重 in font nullfont!
Missing character: There is no 叠 in font nullfont!
Missing character: There is no 的 in font nullfont!
Missing character: There is no 矩 in font nullfont!
Missing character: There is no 形 in font nullfont!
Missing character: There is no 块 in font nullfont!
Missing character: There is no ( in font nullfont!
Missing character: There is no t in font nullfont!
Missing character: There is no i in font nullfont!
Missing character: There is no l in font nullfont!
Missing character: There is no e in font nullfont!
Missing character: There is no ) in font nullfont!
Missing character: There is no , in font nullfont!
Missing character: There is no 常 in font nullfont!
Missing character: There is no 分 in font nullfont!
Missing character: There is no 为 in font nullfont!
Missing character: There is no （ in font nullfont!
Missing character: There is no 即 in font nullfont!
Missing character: There is no 像 in font nullfont!
Missing character: There is no 素 in font nullfont!
Missing character: There is no 宽 in font nullfont!
Missing character: There is no ） in font nullfont!
Missing character: There is no 的 in font nullfont!
Missing character: There is no 正 in font nullfont!
Missing character: There is no 方 in font nullfont!
Missing character: There is no 形 in font nullfont!
Missing character: There is no t in font nullfont!
Missing character: There is no i in font nullfont!
Missing character: There is no l in font nullfont!
Missing character: There is no e in font nullfont!
Missing character: There is no 。 in font nullfont!
Missing character: There is no 受 in font nullfont!
Missing character: There is no 图 in font nullfont!
Missing character: There is no 像 in font nullfont!
Missing character: There is no 形 in font nullfont!
Missing character: There is no 状 in font nullfont!
Missing character: There is no 的 in font nullfont!
Missing character: There is no 影 in font nullfont!
Missing character: There is no 响 in font nullfont!
Missing character: There is no ， in font nullfont!
Missing character: There is no 边 in font nullfont!
Missing character: There is no 缘 in font nullfont!
Missing character: There is no 部 in font nullfont!
Missing character: There is no 分 in font nullfont!
Missing character: There is no 的 in font nullfont!
Missing character: There is no t in font nullfont!
Missing character: There is no i in font nullfont!
Missing character: There is no l in font nullfont!
Missing character: There is no e in font nullfont!
Missing character: There is no 的 in font nullfont!
Missing character: There is no 大 in font nullfont!
Missing character: There is no 小 in font nullfont!
Missing character: There is no 和 in font nullfont!
Missing character: There is no 形 in font nullfont!
Missing character: There is no 状 in font nullfont!
Missing character: There is no 可 in font nullfont!
Missing character: There is no 能 in font nullfont!
Missing character: There is no 与 in font nullfont!
Missing character: There is no 其 in font nullfont!
Missing character: There is no 它 in font nullfont!
Missing character: There is no 的 in font nullfont!
Missing character: There is no t in font nullfont!
Missing character: There is no i in font nullfont!
Missing character: There is no l in font nullfont!
Missing character: There is no e in font nullfont!
Missing character: There is no 不 in font nullfont!
Missing character: There is no 同 in font nullfont!
Missing character: There is no 。 in font nullfont!

Overfull \hbox (32.77782pt too wide) in paragraph at lines 11--11
[]$\OT1/cmr/m/n/10 8 \OMS/cmsy/m/n/10 ^^B
 []


Overfull \hbox (25.04167pt too wide) in paragraph at lines 11--11
\OT1/cmr/m/n/10 8$$2[] \OMS/cmsy/m/n/10 ^^X
 []


Overfull \hbox (34.02782pt too wide) in paragraph at lines 11--11
\OT1/cmr/m/n/10 2[]$$64 \OMS/cmsy/m/n/10 ^^X
 []


Overfull \hbox (20.00006pt too wide) in paragraph at lines 11--11
\OT1/cmr/m/n/10 1024$ 
 []

! Undefined control sequence.
l.12 \paragraph
               {电平平移归一化与电平平移反归一化}
The control sequence at the end of the top line
of your error message was never \def'ed. If you have
misspelled it (e.g., `\hobx'), type `I' and the correct
spelling (e.g., `I\hbox'). Otherwise just continue,
and I'll forget about whatever was undefined.


! LaTeX Error: Missing \begin{document}.

See the LaTeX manual or LaTeX Companion for explanation.
Type  H <return>  for immediate help.
 ...                                              
                                                  
l.12 \paragraph{电
                 平平移归一化与电平平移反归一化}
You're in trouble here.  Try typing  <return>  to proceed.
If that doesn't work, type  X <return>  to quit.

Missing character: There is no 电 in font nullfont!
Missing character: There is no 平 in font nullfont!
Missing character: There is no 平 in font nullfont!
Missing character: There is no 移 in font nullfont!
Missing character: There is no 归 in font nullfont!
Missing character: There is no 一 in font nullfont!
Missing character: There is no 化 in font nullfont!
Missing character: There is no 与 in font nullfont!
Missing character: There is no 电 in font nullfont!
Missing character: There is no 平 in font nullfont!
Missing character: There is no 平 in font nullfont!
Missing character: There is no 移 in font nullfont!
Missing character: There is no 反 in font nullfont!
Missing character: There is no 归 in font nullfont!
Missing character: There is no 一 in font nullfont!
Missing character: There is no 化 in font nullfont!
! Undefined control sequence.
l.13 \paragraph
               {图像拼接}
The control sequence at the end of the top line
of your error message was never \def'ed. If you have
misspelled it (e.g., `\hobx'), type `I' and the correct
spelling (e.g., `I\hbox'). Otherwise just continue,
and I'll forget about whatever was undefined.

Missing character: There is no 图 in font nullfont!
Missing character: There is no 像 in font nullfont!
Missing character: There is no 拼 in font nullfont!
Missing character: There is no 接 in font nullfont!
Missing character: There is no T in font nullfont!
Missing character: There is no i in font nullfont!
Missing character: There is no l in font nullfont!
Missing character: There is no e in font nullfont!
Missing character: There is no 的 in font nullfont!
Missing character: There is no 大 in font nullfont!
Missing character: There is no 小 in font nullfont!
Missing character: There is no 会 in font nullfont!
Missing character: There is no 影 in font nullfont!
Missing character: There is no 响 in font nullfont!
Missing character: There is no 重 in font nullfont!
Missing character: There is no 构 in font nullfont!
Missing character: There is no 图 in font nullfont!
Missing character: There is no 像 in font nullfont!
Missing character: There is no 的 in font nullfont!
Missing character: There is no 质 in font nullfont!
Missing character: There is no 量 in font nullfont!
Missing character: There is no 。 in font nullfont!
Missing character: There is no 一 in font nullfont!
Missing character: There is no 般 in font nullfont!
Missing character: There is no 情 in font nullfont!
Missing character: There is no 况 in font nullfont!
Missing character: There is no 下 in font nullfont!
Missing character: There is no ， in font nullfont!
Missing character: There is no 大 in font nullfont!
Missing character: There is no 的 in font nullfont!
Missing character: There is no t in font nullfont!
Missing character: There is no i in font nullfont!
Missing character: There is no l in font nullfont!
Missing character: There is no e in font nullfont!
Missing character: There is no 重 in font nullfont!
Missing character: There is no 构 in font nullfont!
Missing character: There is no 出 in font nullfont!
Missing character: There is no 的 in font nullfont!
Missing character: There is no 图 in font nullfont!
Missing character: There is no 像 in font nullfont!
Missing character: There is no 质 in font nullfont!
Missing character: There is no 量 in font nullfont!
Missing character: There is no 要 in font nullfont!
Missing character: There is no 好 in font nullfont!
Missing character: There is no 一 in font nullfont!
Missing character: There is no 些 in font nullfont!
Missing character: There is no ， in font nullfont!
Missing character: There is no 因 in font nullfont!
Missing character: There is no 为 in font nullfont!
Missing character: There is no 小 in font nullfont!
Missing character: There is no 波 in font nullfont!
Missing character: There is no 变 in font nullfont!
Missing character: There is no 换 in font nullfont!
Missing character: There is no 的 in font nullfont!
Missing character: There is no 范 in font nullfont!
Missing character: There is no 围 in font nullfont!
Missing character: There is no 大 in font nullfont!
Missing character: There is no ， in font nullfont!
Missing character: There is no 减 in font nullfont!
Missing character: There is no 轻 in font nullfont!
Missing character: There is no 了 in font nullfont!
Missing character: There is no 边 in font nullfont!
Missing character: There is no 缘 in font nullfont!
Missing character: There is no 效 in font nullfont!
Missing character: There is no 应 in font nullfont!
Missing character: There is no 。 in font nullfont!
Missing character: There is no 在 in font nullfont!
Missing character: There is no 解 in font nullfont!
Missing character: There is no 码 in font nullfont!
Missing character: There is no 过 in font nullfont!
Missing character: There is no 程 in font nullfont!
Missing character: There is no 的 in font nullfont!
Missing character: There is no 后 in font nullfont!
Missing character: There is no 处 in font nullfont!
Missing character: There is no 理 in font nullfont!
Missing character: There is no 中 in font nullfont!
Missing character: There is no ， in font nullfont!
Missing character: There is no 需 in font nullfont!
Missing character: There is no 要 in font nullfont!
Missing character: There is no 将 in font nullfont!
Missing character: There is no 分 in font nullfont!
Missing character: There is no 块 in font nullfont!
Missing character: There is no 的 in font nullfont!
Missing character: There is no 图 in font nullfont!
Missing character: There is no 像 in font nullfont!
Missing character: There is no 数 in font nullfont!
Missing character: There is no 据 in font nullfont!
Missing character: There is no ， in font nullfont!
Missing character: There is no 重 in font nullfont!
Missing character: There is no 新 in font nullfont!
Missing character: There is no 无 in font nullfont!
Missing character: There is no 缝 in font nullfont!
Missing character: There is no 地 in font nullfont!
Missing character: There is no 拼 in font nullfont!
Missing character: There is no 接 in font nullfont!
Missing character: There is no 在 in font nullfont!
Missing character: There is no 一 in font nullfont!
Missing character: There is no 起 in font nullfont!
Missing character: There is no 。 in font nullfont!
)
! Emergency stop.
<*> tiling.tex
              
*** (job aborted, no legal \end found)

 
Here is how much of TeX's memory you used:
 7 strings out of 492970
 75 string characters out of 6137298
 63642 words of memory out of 5000000
 4115 multiletter control sequences out of 15000+600000
 3640 words of font info for 14 fonts, out of 8000000 for 9000
 1348 hyphenation exceptions out of 8191
 18i,2n,12p,254b,56s stack positions out of 5000i,500n,10000p,200000b,80000s
No pages of output.
